
 method = smt
 UNA = iUNA
 weighting scheme = w2
********
dataset = validation

total number of iterations over this dataset 1
OVERALL There are 14 graphs   6 has no error edge
OVERALL Count valid results 4
OVERALL Count invalid results 10
OVERALL The average precision: 0.06854838709677419
OVERALL The average recall: 0.059027777777777776
OVERALL The average precision [for termination]: 0.04285714285714286
OVERALL The average recall [for termination]: 0.07142857142857142
OVERALL The average Omega: 0.528781749151248
OVERALL Overall num edges removed 120
********
dataset = evaluation

total number of iterations over this dataset 1
OVERALL There are 14 graphs   5 has no error edge
OVERALL Count valid results 4
OVERALL Count invalid results 10
OVERALL The average precision: 0.16666666666666666
OVERALL The average recall: 0.08333333333333333
OVERALL The average precision [for termination]: 0.03571428571428571
OVERALL The average recall [for termination]: 0.07142857142857142
OVERALL The average Omega: 0.5021008627930914
OVERALL Overall num edges removed 38